Checking if remote manifest is accessible...
Getting manifests from remote server...

Processing super-manifest https://github.com/cypresssemiconductorco/mtb-super-manifest/raw/v2.X/mtb-super-manifest-fv2.xml...
Successfully acquired the information.
Reading project (C:/IOT/IoT_Project_MolenaersPurnal/SmartHome_IoT_device) information...
Successfully acquired project information.

Updating project...
Running "make getlibs"...
C:/Users/arnom/ModusToolbox/tools_2.4/modus-shell/bin/make.exe getlibs CY_TOOLS_PATHS=C:/Users/arnom/ModusToolbox/tools_2.4 QUICK_MODE=1
Tools Directory: C:/Users/arnom/ModusToolbox/tools_2.4
CY8CPROTO-062-4343W.mk: ./libs/TARGET_CY8CPROTO-062-4343W/CY8CPROTO-062-4343W.mk

==============================================================================
= Importing libraries =
==============================================================================
Git is git version 2.33.0, found at /usr/bin/git

Searching application directory (.mtb)...
Found 24 .mtb file(s)
    Processing file "C:/IOT/IoT_Project_MolenaersPurnal/SmartHome_IoT_device/deps/TARGET_CY8CPROTO-062-4343W.mtb"
WARNING: Could not find a valid "TARGET_CY8CPROTO-062-4343W" library repo.
        Check that the repo exists on disk and that it is not corrupt.
        Skipping current reference...
    Processing file "C:/IOT/IoT_Project_MolenaersPurnal/SmartHome_IoT_device/deps/http-client.mtb"
    Processing file "C:/IOT/IoT_Project_MolenaersPurnal/SmartHome_IoT_device/deps/mqtt.mtb"
    Processing file "C:/IOT/IoT_Project_MolenaersPurnal/SmartHome_IoT_device/deps/retarget-io.mtb"
    Processing file "C:/IOT/IoT_Project_MolenaersPurnal/SmartHome_IoT_device/deps/wifi-connection-manager.mtb"
    Processing file "C:/IOT/IoT_Project_MolenaersPurnal/SmartHome_IoT_device/libs/abstraction-rtos.mtb"
    Processing file "C:/IOT/IoT_Project_MolenaersPurnal/SmartHome_IoT_device/libs/aws-iot-device-sdk-embedded-C.mtb"
WARNING: Uncommitted/Untracked files detected in "../mtb_shared/aws-iot-device-sdk-embedded-C/202103.00".
        Save your work in source control before updating this library.
        Skipping current reference...
    Processing file "C:/IOT/IoT_Project_MolenaersPurnal/SmartHome_IoT_device/libs/aws-iot-device-sdk-port.mtb"
    Processing file "C:/IOT/IoT_Project_MolenaersPurnal/SmartHome_IoT_device/libs/capsense.mtb"
    Processing file "C:/IOT/IoT_Project_MolenaersPurnal/SmartHome_IoT_device/libs/clib-support.mtb"
    Processing file "C:/IOT/IoT_Project_MolenaersPurnal/SmartHome_IoT_device/libs/connectivity-utilities.mtb"
    Processing file "C:/IOT/IoT_Project_MolenaersPurnal/SmartHome_IoT_device/libs/core-lib.mtb"
    Processing file "C:/IOT/IoT_Project_MolenaersPurnal/SmartHome_IoT_device/libs/core-make.mtb"
WARNING: Could not find a valid "core-make" library repo.
        Check that the repo exists on disk and that it is not corrupt.
        Skipping current reference...
    Processing file "C:/IOT/IoT_Project_MolenaersPurnal/SmartHome_IoT_device/libs/freertos.mtb"
    Processing file "C:/IOT/IoT_Project_MolenaersPurnal/SmartHome_IoT_device/libs/lwip.mtb"
    Processing file "C:/IOT/IoT_Project_MolenaersPurnal/SmartHome_IoT_device/libs/mbedtls.mtb"
WARNING: Uncommitted/Untracked files detected in "../mtb_shared/mbedtls/mbedtls-2.25.0".
        Save your work in source control before updating this library.
        Skipping current reference...
    Processing file "C:/IOT/IoT_Project_MolenaersPurnal/SmartHome_IoT_device/libs/mtb-hal-cat1.mtb"
    Processing file "C:/IOT/IoT_Project_MolenaersPurnal/SmartHome_IoT_device/libs/mtb-pdl-cat1.mtb"
    Processing file "C:/IOT/IoT_Project_MolenaersPurnal/SmartHome_IoT_device/libs/psoc6cm0p.mtb"
    Processing file "C:/IOT/IoT_Project_MolenaersPurnal/SmartHome_IoT_device/libs/recipe-make-cat1a.mtb"
    Processing file "C:/IOT/IoT_Project_MolenaersPurnal/SmartHome_IoT_device/libs/secure-sockets.mtb"
    Processing file "C:/IOT/IoT_Project_MolenaersPurnal/SmartHome_IoT_device/libs/whd-bsp-integration.mtb"
    Processing file "C:/IOT/IoT_Project_MolenaersPurnal/SmartHome_IoT_device/libs/wifi-host-driver.mtb"
    Processing file "C:/IOT/IoT_Project_MolenaersPurnal/SmartHome_IoT_device/libs/wifi-mw-core.mtb"
Libraries processed.
Created file "C:/IOT/IoT_Project_MolenaersPurnal/SmartHome_IoT_device/libs/mtb.mk".


==============================================================================
WARNING: Could not find a valid "TARGET_CY8CPROTO-062-4343W" library repo.
        Check that the repo exists on disk and that it is not corrupt.
        Skipping current reference...
WARNING: Uncommitted/Untracked files detected in "../mtb_shared/aws-iot-device-sdk-embedded-C/202103.00".
        Save your work in source control before updating this library.
        Skipping current reference...
WARNING: Could not find a valid "core-make" library repo.
        Check that the repo exists on disk and that it is not corrupt.
        Skipping current reference...
WARNING: Uncommitted/Untracked files detected in "../mtb_shared/mbedtls/mbedtls-2.25.0".
        Save your work in source control before updating this library.
        Skipping current reference...

==============================================================================
= Import complete =
==============================================================================

==============================================================================

Successfully updated the project.

==============================================================================


Reading project (C:/IOT/IoT_Project_MolenaersPurnal/SmartHome_IoT_device) information...
Successfully acquired project information.
