08:35:10 **** Incremental Build of configuration Debug for project SmartHome_IoT_device ****
"C:\\Infineon\\Tools\\ModusToolbox\\tools_2.3\\modus-shell\\bin\\make" CY_MAKE_IDE=eclipse CY_MAKE_IDE_VERSION=2.3 CY_IDE_TOOLS_DIR=C:/Infineon/Tools/ModusToolbox/tools_2.3 -j8 all 
Tools Directory: C:/Infineon/Tools/ModusToolbox/tools_2.3
CY8CPROTO-062-4343W.mk: ./libs/TARGET_CY8CPROTO-062-4343W/CY8CPROTO-062-4343W.mk
"Could not find schema to validate C:/IOT/IoT_Project_MolenaersPurnal/mtb_shared/mtb-pdl-cat1/release-v2.3.1/personalities/peripheral/sar-5.0.cypersonality against. Check the xmlns version against the ../personalities/version.xml file contents."
"Could not find schema to validate C:/IOT/IoT_Project_MolenaersPurnal/mtb_shared/mtb-pdl-cat1/release-v2.3.1/personalities/peripheral/saradc-2.0.cypersonality against. Check the xmlns version against the ../personalities/version.xml file contents."

Prebuild operations complete
Commencing build operations...

Tools Directory: C:/Infineon/Tools/ModusToolbox/tools_2.3
CY8CPROTO-062-4343W.mk: ./libs/TARGET_CY8CPROTO-062-4343W/CY8CPROTO-062-4343W.mk

Initializing build: mtb-example-anycloud-mqtt-client Debug CY8CPROTO-062-4343W GCC_ARM

Auto-discovery in progress...
-> Found 464 .c file(s)
-> Found 46 .S file(s)
-> Found 25 .s file(s)
-> Found 2 .cpp file(s)
-> Found 0 .o file(s)
-> Found 6 .a file(s)
-> Found 944 .h file(s)
-> Found 0 .hpp file(s)
-> Found 0 resource file(s)
Applying filters...
Auto-discovery complete

Constructing build rules...
../mtb_shared/core-make/release-v1.9.0/make/core/build.mk:376: warning: overriding recipe for target 'C:/IOT/IoT_Project_MolenaersPurnal/SmartHome_IoT_device/build/CY8CPROTO-062-4343W/Debug/.metadata/.plugins/org.eclipse.cdt.make.core/specs.o'
../mtb_shared/core-make/release-v1.9.0/make/core/build.mk:376: warning: ignoring old recipe for target 'C:/IOT/IoT_Project_MolenaersPurnal/SmartHome_IoT_device/build/CY8CPROTO-062-4343W/Debug/.metadata/.plugins/org.eclipse.cdt.make.core/specs.o'
Build rules construction complete

==============================================================================
= Building application =
==============================================================================
Generating compilation database file...
-> ./build/compile_commands.json
Compilation database file generation complete
Building 404 file(s)
==============================================================================
= Build complete =
==============================================================================

Calculating memory consumption: CY8C624ABZI-S2D44 GCC_ARM -Og

   ---------------------------------------------------- 
  | Section Name         |  Address      |  Size       | 
   ---------------------------------------------------- 
  | .cy_m0p_image        |  0x10000000   |  6224       | 
  | .text                |  0x10002000   |  907560     | 
  | .ARM.exidx           |  0x100df928   |  8          | 
  | .copy.table          |  0x100df930   |  24         | 
  | .zero.table          |  0x100df948   |  8          | 
  | .data                |  0x080022e0   |  2280       | 
  | .cy_sharedmem        |  0x08002bc8   |  8          | 
  | .noinit              |  0x08002bd0   |  148        | 
  | .bss                 |  0x08002c64   |  66356      | 
  | .heap                |  0x08012f98   |  964712     | 
   ---------------------------------------------------- 

  Total Internal Flash (Available)          2097152    
  Total Internal Flash (Utilized)           918088     

  Total Internal SRAM (Available)           1046528    
  Total Internal SRAM (Utilized with heap)  1033504    

  

08:35:20 Build Finished. 0 errors, 2 warnings. (took 9s.934ms)

